#
# A fatal error has been detected by the Java Runtime Environment:
#
#  EXCEPTION_ACCESS_VIOLATION (0xc0000005) at pc=0x0000000061c63783, pid=9604, tid=11012
#
# JRE version: Java(TM) SE Runtime Environment (8.0_45-b14) (build 1.8.0_45-b14)
# Java VM: Java HotSpot(TM) 64-Bit Server VM (25.45-b02 mixed mode windows-amd64 compressed oops)
# Problematic frame:
# V  [jvm.dll+0x213783]
#
# Failed to write core dump. Minidumps are not enabled by default on client versions of Windows
#
# If you would like to submit a bug report, please visit:
#   http://bugreport.java.com/bugreport/crash.jsp
#

---------------  T H R E A D  ---------------

Current thread (0x0000000058d73800):  JavaThread "JDWP Transport Listener: dt_socket" daemon [_thread_in_vm, id=11012, stack(0x000000005a860000,0x000000005a960000)]

siginfo: ExceptionCode=0xc0000005, reading address 0x0000000000000158

Registers:
RAX=0x0000000000000100, RBX=0x0000000000000100, RCX=0x0000000000000000, RDX=0x000000005f973950
RSP=0x000000005a95f5b0, RBP=0x0000000000000000, RSI=0x0000000000000006, RDI=0x000000005f973950
R8 =0x0000000000000100, R9 =0x0000000058d73800, R10=0x0000000000000000, R11=0x0000000000000000
R12=0x0000000000000000, R13=0x0000000058d6cb18, R14=0x0000000000000000, R15=0x0000000000000000
RIP=0x0000000061c63783, EFLAGS=0x0000000000010206

Top of Stack: (sp=0x000000005a95f5b0)
0x000000005a95f5b0:   0000000058d73800 000000005f973950
0x000000005a95f5c0:   000000005a95f6c8 0000000061c0db87
0x000000005a95f5d0:   000000005b742000 0000000061bf17f7
0x000000005a95f5e0:   000000005f973950 000000005a95f6c8
0x000000005a95f5f0:   0000000000000006 0000000061bf7025
0x000000005a95f600:   000000005b742000 0000000061bf35c9
0x000000005a95f610:   0000000000000005 0000000000000000
0x000000005a95f620:   0000000058d69a80 00000000715d101e
0x000000005a95f630:   000000005a95f6c8 0000000061d7ca58
0x000000005a95f640:   0000000058d73800 00000000021b9610
0x000000005a95f650:   0000000058fad9d0 0000000061b8c300
0x000000005a95f660:   0000000058d73800 0000000000000000
0x000000005a95f670:   0000000000000000 0000000000000000
0x000000005a95f680:   000000005a95f700 00000000715cd38b
0x000000005a95f690:   000000005a95f708 0000000058fad9d0
0x000000005a95f6a0:   0000000058fad9d0 0000000000000000 

Instructions: (pc=0x0000000061c63783)
0x0000000061c63763:   e9 62 00 00 4c 8b 1f 49 f7 c3 fe ff ff ff 74 32
0x0000000061c63773:   41 f6 c3 01 74 89 eb 2a 48 83 e3 fe 48 89 5f 10
0x0000000061c63783:   48 8b 43 58 48 89 47 10 48 89 5f 18 e8 bc 62 00
0x0000000061c63793:   00 4c 8b 1f 41 f6 c3 01 75 08 48 8b cb e8 0b 13 


Register to memory mapping:

RAX=0x0000000000000100 is an unknown value
RBX=0x0000000000000100 is an unknown value
RCX=0x0000000000000000 is an unknown value
RDX=0x000000005f973950 is an unknown value
RSP=0x000000005a95f5b0 is pointing into the stack for thread: 0x0000000058d73800
RBP=0x0000000000000000 is an unknown value
RSI=0x0000000000000006 is an unknown value
RDI=0x000000005f973950 is an unknown value
R8 =0x0000000000000100 is an unknown value
R9 =0x0000000058d73800 is a thread
R10=0x0000000000000000 is an unknown value
R11=0x0000000000000000 is an unknown value
R12=0x0000000000000000 is an unknown value
R13=0x0000000058d6cb18 is an unknown value
R14=0x0000000000000000 is an unknown value
R15=0x0000000000000000 is an unknown value


Stack: [0x000000005a860000,0x000000005a960000],  sp=0x000000005a95f5b0,  free space=1021k
Native frames: (J=compiled Java code, j=interpreted, Vv=VM code, C=native code)


---------------  P R O C E S S  ---------------

Java Threads: ( => current thread )
  0x000000005b824800 JavaThread "Abandoned connection cleanup thread" daemon [_thread_blocked, id=6372, stack(0x0000000061290000,0x0000000061390000)]
  0x000000005b735000 JavaThread "D3D Screen Updater" daemon [_thread_blocked, id=7108, stack(0x0000000060a80000,0x0000000060b80000)]
  0x000000005b692800 JavaThread "Thread-3" [_thread_in_Java, id=9584, stack(0x0000000060360000,0x0000000060460000)]
  0x0000000002228000 JavaThread "DestroyJavaVM" [_thread_blocked, id=8244, stack(0x00000000024c0000,0x00000000025c0000)]
  0x000000005b638000 JavaThread "AWT-EventQueue-0" [_thread_in_native, id=8528, stack(0x000000005e330000,0x000000005e430000)]
  0x000000005b60c800 JavaThread "AWT-Windows" daemon [_thread_in_native, id=8316, stack(0x000000005c1a0000,0x000000005c2a0000)]
  0x000000005b608000 JavaThread "AWT-Shutdown" [_thread_blocked, id=10140, stack(0x000000005bfe0000,0x000000005c0e0000)]
  0x000000005b614800 JavaThread "Java2D Disposer" daemon [_thread_blocked, id=6512, stack(0x000000005be80000,0x000000005bf80000)]
  0x0000000058f02800 JavaThread "Thread-0" [_thread_blocked, id=9944, stack(0x000000005b3c0000,0x000000005b4c0000)]
  0x0000000058e0b800 JavaThread "Service Thread" daemon [_thread_blocked, id=7816, stack(0x000000005b270000,0x000000005b370000)]
  0x0000000058de1800 JavaThread "C1 CompilerThread3" daemon [_thread_blocked, id=8036, stack(0x000000005aeb0000,0x000000005afb0000)]
  0x0000000058de1000 JavaThread "C2 CompilerThread2" daemon [_thread_blocked, id=12448, stack(0x000000005afc0000,0x000000005b0c0000)]
  0x0000000058da7800 JavaThread "C2 CompilerThread1" daemon [_thread_blocked, id=13052, stack(0x000000005a9b0000,0x000000005aab0000)]
  0x0000000058d88000 JavaThread "C2 CompilerThread0" daemon [_thread_blocked, id=10764, stack(0x000000005ad60000,0x000000005ae60000)]
  0x0000000058d7b000 JavaThread "JDWP Command Reader" daemon [_thread_in_native, id=11456, stack(0x000000005ac50000,0x000000005ad50000)]
  0x0000000058d7a000 JavaThread "JDWP Event Helper Thread" daemon [_thread_blocked, id=7676, stack(0x000000005ab20000,0x000000005ac20000)]
=>0x0000000058d73800 JavaThread "JDWP Transport Listener: dt_socket" daemon [_thread_in_vm, id=11012, stack(0x000000005a860000,0x000000005a960000)]
  0x0000000058d62800 JavaThread "Attach Listener" daemon [_thread_blocked, id=9880, stack(0x0000000059dd0000,0x0000000059ed0000)]
  0x0000000058d61000 JavaThread "Signal Dispatcher" daemon [_thread_blocked, id=12364, stack(0x000000005a320000,0x000000005a420000)]
  0x0000000057ba0000 JavaThread "Finalizer" daemon [_thread_blocked, id=10828, stack(0x000000005a0b0000,0x000000005a1b0000)]
  0x0000000057b99800 JavaThread "Reference Handler" daemon [_thread_blocked, id=8504, stack(0x0000000059f30000,0x000000005a030000)]

Other Threads:
  0x0000000058d12000 VMThread [stack: 0x0000000059cd0000,0x0000000059dd0000] [id=7664]
  0x0000000058e0c000 WatcherThread [stack: 0x000000005b120000,0x000000005b220000] [id=13124]

VM state:not at safepoint (normal execution)

VM Mutex/Monitor currently owned by a thread: None

Heap:
 PSYoungGen      total 39936K, used 13380K [0x00000000d5800000, 0x00000000d8800000, 0x0000000100000000)
  eden space 31744K, 31% used [0x00000000d5800000,0x00000000d61cb1a0,0x00000000d7700000)
  from space 8192K, 40% used [0x00000000d7780000,0x00000000d7ac6050,0x00000000d7f80000)
  to   space 8704K, 0% used [0x00000000d7f80000,0x00000000d7f80000,0x00000000d8800000)
 ParOldGen       total 87552K, used 14493K [0x0000000080800000, 0x0000000085d80000, 0x00000000d5800000)
  object space 87552K, 16% used [0x0000000080800000,0x0000000081627480,0x0000000085d80000)
 Metaspace       used 13998K, capacity 14174K, committed 14336K, reserved 1062912K
  class space    used 1456K, capacity 1513K, committed 1536K, reserved 1048576K

Card table byte_map: [0x0000000011c50000,0x0000000012050000] byte_map_base: 0x000000001184c000

Marking Bits: (ParMarkBitMap*) 0x0000000062254040
 Begin Bits: [0x0000000012df0000, 0x0000000014dd0000)
 End Bits:   [0x0000000014dd0000, 0x0000000016db0000)

Polling page: 0x0000000000120000

CodeCache: size=245760Kb used=7874Kb max_used=7914Kb free=237885Kb
 bounds [0x0000000002890000, 0x0000000003070000, 0x0000000011890000]
 total_blobs=2544 nmethods=2014 adapters=451
 compilation: enabled

Compilation events (10 events):
Event: 25.574 Thread 0x0000000058de1800 2294       3       com.mysql.jdbc.LicenseConfiguration::checkLicenseType (1 bytes)
Event: 25.575 Thread 0x0000000058de1800 nmethod 2294 0x0000000002bd49d0 code [0x0000000002bd4b20, 0x0000000002bd4c50]
Event: 25.575 Thread 0x0000000058de1800 2295   !   3       com.mysql.jdbc.ConnectionImpl::configureTimezone (220 bytes)
Event: 25.576 Thread 0x0000000058d88000 2298       4       com.mysql.jdbc.Buffer::readLong (90 bytes)
Event: 25.576 Thread 0x0000000058de1800 nmethod 2295 0x0000000002d98b10 code [0x0000000002d98ea0, 0x0000000002d9b1c8]
Event: 25.576 Thread 0x0000000058de1800 2296       3       com.mysql.jdbc.ConnectionPropertiesImpl::setMaxAllowedPacket (13 bytes)
Event: 25.577 Thread 0x0000000058de1800 nmethod 2296 0x0000000002b3f810 code [0x0000000002b3f9a0, 0x0000000002b3fd58]
Event: 25.577 Thread 0x0000000058de1800 2297       3       com.mysql.jdbc.ConnectionPropertiesImpl::getCharacterSetResults (8 bytes)
Event: 25.577 Thread 0x0000000058d88000 nmethod 2298 0x0000000002d96f90 code [0x0000000002d970e0, 0x0000000002d971f8]
Event: 25.577 Thread 0x0000000058de1800 nmethod 2297 0x0000000002d96a50 code [0x0000000002d96bc0, 0x0000000002d96e70]

GC Heap History (10 events):
Event: 8.636 GC heap before
{Heap before GC invocations=3 (full 0):
 PSYoungGen      total 38400K, used 38376K [0x00000000d5800000, 0x00000000d8280000, 0x0000000100000000)
  eden space 33280K, 100% used [0x00000000d5800000,0x00000000d7880000,0x00000000d7880000)
  from space 5120K, 99% used [0x00000000d7d80000,0x00000000d827a090,0x00000000d8280000)
  to   space 5120K, 0% used [0x00000000d7880000,0x00000000d7880000,0x00000000d7d80000)
 ParOldGen       total 87552K, used 3870K [0x0000000080800000, 0x0000000085d80000, 0x00000000d5800000)
  object space 87552K, 4% used [0x0000000080800000,0x0000000080bc7be8,0x0000000085d80000)
 Metaspace       used 13588K, capacity 13790K, committed 14080K, reserved 1062912K
  class space    used 1455K, capacity 1513K, committed 1536K, reserved 1048576K
Event: 8.643 GC heap after
Heap after GC invocations=3 (full 0):
 PSYoungGen      total 38400K, used 5096K [0x00000000d5800000, 0x00000000d8280000, 0x0000000100000000)
  eden space 33280K, 0% used [0x00000000d5800000,0x00000000d5800000,0x00000000d7880000)
  from space 5120K, 99% used [0x00000000d7880000,0x00000000d7d7a070,0x00000000d7d80000)
  to   space 5120K, 0% used [0x00000000d7d80000,0x00000000d7d80000,0x00000000d8280000)
 ParOldGen       total 87552K, used 6055K [0x0000000080800000, 0x0000000085d80000, 0x00000000d5800000)
  object space 87552K, 6% used [0x0000000080800000,0x0000000080de9e88,0x0000000085d80000)
 Metaspace       used 13588K, capacity 13790K, committed 14080K, reserved 1062912K
  class space    used 1455K, capacity 1513K, committed 1536K, reserved 1048576K
}
Event: 12.762 GC heap before
{Heap before GC invocations=4 (full 0):
 PSYoungGen      total 38400K, used 38376K [0x00000000d5800000, 0x00000000d8280000, 0x0000000100000000)
  eden space 33280K, 100% used [0x00000000d5800000,0x00000000d7880000,0x00000000d7880000)
  from space 5120K, 99% used [0x00000000d7880000,0x00000000d7d7a070,0x00000000d7d80000)
  to   space 5120K, 0% used [0x00000000d7d80000,0x00000000d7d80000,0x00000000d8280000)
 ParOldGen       total 87552K, used 6055K [0x0000000080800000, 0x0000000085d80000, 0x00000000d5800000)
  object space 87552K, 6% used [0x0000000080800000,0x0000000080de9e88,0x0000000085d80000)
 Metaspace       used 13678K, capacity 13854K, committed 14080K, reserved 1062912K
  class space    used 1455K, capacity 1513K, committed 1536K, reserved 1048576K
Event: 12.771 GC heap after
Heap after GC invocations=4 (full 0):
 PSYoungGen      total 38400K, used 5119K [0x00000000d5800000, 0x00000000d8280000, 0x0000000100000000)
  eden space 33280K, 0% used [0x00000000d5800000,0x00000000d5800000,0x00000000d7880000)
  from space 5120K, 99% used [0x00000000d7d80000,0x00000000d827fe60,0x00000000d8280000)
  to   space 5120K, 0% used [0x00000000d7880000,0x00000000d7880000,0x00000000d7d80000)
 ParOldGen       total 87552K, used 8256K [0x0000000080800000, 0x0000000085d80000, 0x00000000d5800000)
  object space 87552K, 9% used [0x0000000080800000,0x0000000081010188,0x0000000085d80000)
 Metaspace       used 13678K, capacity 13854K, committed 14080K, reserved 1062912K
  class space    used 1455K, capacity 1513K, committed 1536K, reserved 1048576K
}
Event: 17.515 GC heap before
{Heap before GC invocations=5 (full 0):
 PSYoungGen      total 38400K, used 38399K [0x00000000d5800000, 0x00000000d8280000, 0x0000000100000000)
  eden space 33280K, 100% used [0x00000000d5800000,0x00000000d7880000,0x00000000d7880000)
  from space 5120K, 99% used [0x00000000d7d80000,0x00000000d827fe60,0x00000000d8280000)
  to   space 5120K, 0% used [0x00000000d7880000,0x00000000d7880000,0x00000000d7d80000)
 ParOldGen       total 87552K, used 8256K [0x0000000080800000, 0x0000000085d80000, 0x00000000d5800000)
  object space 87552K, 9% used [0x0000000080800000,0x0000000081010188,0x0000000085d80000)
 Metaspace       used 13761K, capacity 13982K, committed 14080K, reserved 1062912K
  class space    used 1455K, capacity 1513K, committed 1536K, reserved 1048576K
Event: 17.521 GC heap after
Heap after GC invocations=5 (full 0):
 PSYoungGen      total 37888K, used 5103K [0x00000000d5800000, 0x00000000d8800000, 0x0000000100000000)
  eden space 32768K, 0% used [0x00000000d5800000,0x00000000d5800000,0x00000000d7800000)
  from space 5120K, 99% used [0x00000000d7880000,0x00000000d7d7be50,0x00000000d7d80000)
  to   space 8192K, 0% used [0x00000000d8000000,0x00000000d8000000,0x00000000d8800000)
 ParOldGen       total 87552K, used 10425K [0x0000000080800000, 0x0000000085d80000, 0x00000000d5800000)
  object space 87552K, 11% used [0x0000000080800000,0x000000008122e488,0x0000000085d80000)
 Metaspace       used 13761K, capacity 13982K, committed 14080K, reserved 1062912K
  class space    used 1455K, capacity 1513K, committed 1536K, reserved 1048576K
}
Event: 20.660 GC heap before
{Heap before GC invocations=6 (full 0):
 PSYoungGen      total 37888K, used 37871K [0x00000000d5800000, 0x00000000d8800000, 0x0000000100000000)
  eden space 32768K, 100% used [0x00000000d5800000,0x00000000d7800000,0x00000000d7800000)
  from space 5120K, 99% used [0x00000000d7880000,0x00000000d7d7be50,0x00000000d7d80000)
  to   space 8192K, 0% used [0x00000000d8000000,0x00000000d8000000,0x00000000d8800000)
 ParOldGen       total 87552K, used 10425K [0x0000000080800000, 0x0000000085d80000, 0x00000000d5800000)
  object space 87552K, 11% used [0x0000000080800000,0x000000008122e488,0x0000000085d80000)
 Metaspace       used 13829K, capacity 13982K, committed 14080K, reserved 1062912K
  class space    used 1455K, capacity 1513K, committed 1536K, reserved 1048576K
Event: 20.668 GC heap after
Heap after GC invocations=6 (full 0):
 PSYoungGen      total 39936K, used 7288K [0x00000000d5800000, 0x00000000d8780000, 0x0000000100000000)
  eden space 32256K, 0% used [0x00000000d5800000,0x00000000d5800000,0x00000000d7780000)
  from space 7680K, 94% used [0x00000000d8000000,0x00000000d871e0a0,0x00000000d8780000)
  to   space 8192K, 0% used [0x00000000d7780000,0x00000000d7780000,0x00000000d7f80000)
 ParOldGen       total 87552K, used 10433K [0x0000000080800000, 0x0000000085d80000, 0x00000000d5800000)
  object space 87552K, 11% used [0x0000000080800000,0x0000000081230488,0x0000000085d80000)
 Metaspace       used 13829K, capacity 13982K, committed 14080K, reserved 1062912K
  class space    used 1455K, capacity 1513K, committed 1536K, reserved 1048576K
}
Event: 24.245 GC heap before
{Heap before GC invocations=7 (full 0):
 PSYoungGen      total 39936K, used 39544K [0x00000000d5800000, 0x00000000d8780000, 0x0000000100000000)
  eden space 32256K, 100% used [0x00000000d5800000,0x00000000d7780000,0x00000000d7780000)
  from space 7680K, 94% used [0x00000000d8000000,0x00000000d871e0a0,0x00000000d8780000)
  to   space 8192K, 0% used [0x00000000d7780000,0x00000000d7780000,0x00000000d7f80000)
 ParOldGen       total 87552K, used 10433K [0x0000000080800000, 0x0000000085d80000, 0x00000000d5800000)
  object space 87552K, 11% used [0x0000000080800000,0x0000000081230488,0x0000000085d80000)
 Metaspace       used 13972K, capacity 14174K, committed 14336K, reserved 1062912K
  class space    used 1456K, capacity 1513K, committed 1536K, reserved 1048576K
Event: 24.319 GC heap after
Heap after GC invocations=7 (full 0):
 PSYoungGen      total 39936K, used 3352K [0x00000000d5800000, 0x00000000d8800000, 0x0000000100000000)
  eden space 31744K, 0% used [0x00000000d5800000,0x00000000d5800000,0x00000000d7700000)
  from space 8192K, 40% used [0x00000000d7780000,0x00000000d7ac6050,0x00000000d7f80000)
  to   space 8704K, 0% used [0x00000000d7f80000,0x00000000d7f80000,0x00000000d8800000)
 ParOldGen       total 87552K, used 14493K [0x0000000080800000, 0x0000000085d80000, 0x00000000d5800000)
  object space 87552K, 16% used [0x0000000080800000,0x0000000081627480,0x0000000085d80000)
 Metaspace       used 13972K, capacity 14174K, committed 14336K, reserved 1062912K
  class space    used 1456K, capacity 1513K, committed 1536K, reserved 1048576K
}

Deoptimization events (10 events):
Event: 24.635 Thread 0x000000005b638000 Uncommon trap: reason=unhandled action=none pc=0x0000000002d1a04c method=java.lang.Integer.parseInt(Ljava/lang/String;I)I @ 204
Event: 24.649 Thread 0x000000005b638000 Uncommon trap: reason=unhandled action=none pc=0x0000000002d1a04c method=java.lang.Integer.parseInt(Ljava/lang/String;I)I @ 204
Event: 24.704 Thread 0x0000000058f02800 Uncommon trap: reason=unhandled action=none pc=0x0000000002d1a04c method=java.lang.Integer.parseInt(Ljava/lang/String;I)I @ 204
Event: 24.909 Thread 0x000000005b638000 Uncommon trap: reason=unhandled action=none pc=0x0000000002d1a04c method=java.lang.Integer.parseInt(Ljava/lang/String;I)I @ 204
Event: 24.929 Thread 0x000000005b638000 Uncommon trap: reason=unhandled action=none pc=0x0000000002d1a04c method=java.lang.Integer.parseInt(Ljava/lang/String;I)I @ 204
Event: 25.277 Thread 0x0000000058f02800 Uncommon trap: reason=unhandled action=none pc=0x0000000002d1a04c method=java.lang.Integer.parseInt(Ljava/lang/String;I)I @ 204
Event: 25.336 Thread 0x000000005b638000 Uncommon trap: reason=unhandled action=none pc=0x0000000002d1a04c method=java.lang.Integer.parseInt(Ljava/lang/String;I)I @ 204
Event: 25.352 Thread 0x000000005b638000 Uncommon trap: reason=unhandled action=none pc=0x0000000002d1a04c method=java.lang.Integer.parseInt(Ljava/lang/String;I)I @ 204
Event: 25.546 Thread 0x000000005b638000 Uncommon trap: reason=unhandled action=none pc=0x0000000002d1a04c method=java.lang.Integer.parseInt(Ljava/lang/String;I)I @ 204
Event: 25.574 Thread 0x000000005b638000 Uncommon trap: reason=unhandled action=none pc=0x0000000002d1a04c method=java.lang.Integer.parseInt(Ljava/lang/String;I)I @ 204

Internal exceptions (10 events):
Event: 0.026 Thread 0x0000000002228000 Exception <a 'java/lang/NoSuchMethodError': Method sun.misc.Unsafe.defineClass(Ljava/lang/String;[BII)Ljava/lang/Class; name or signature does not match> (0x00000000d580d248) thrown at [C:\re\workspace\8-2-build-windows-amd64-cygwin\jdk8u45\3457\hotspot\sr¡29êBÙš?
Event: 0.026 Thread 0x0000000002228000 Exception <a 'java/lang/NoSuchMethodError': Method sun.misc.Unsafe.prefetchRead(Ljava/lang/Object;J)V name or signature does not match> (0x00000000d580d4d8) thrown at [C:\re\workspace\8-2-build-windows-amd64-cygwin\jdk8u45\3457\hotspot\src\share\vm\prims\jO£¨þ[-»?
Event: 0.106 Thread 0x0000000002228000 Exception <a 'java/security/PrivilegedActionException'> (0x00000000d587d2e0) thrown at [C:\re\workspace\8-2-build-windows-amd64-cygwin\jdk8u45\3457\hotspot\src\share\vm\prims\jvm.cpp, line 1382]
Event: 0.106 Thread 0x0000000002228000 Exception <a 'java/security/PrivilegedActionException'> (0x00000000d587d498) thrown at [C:\re\workspace\8-2-build-windows-amd64-cygwin\jdk8u45\3457\hotspot\src\share\vm\prims\jvm.cpp, line 1382]
Event: 0.107 Thread 0x0000000002228000 Exception <a 'java/security/PrivilegedActionException'> (0x00000000d5880f90) thrown at [C:\re\workspace\8-2-build-windows-amd64-cygwin\jdk8u45\3457\hotspot\src\share\vm\prims\jvm.cpp, line 1382]
Event: 0.107 Thread 0x0000000002228000 Exception <a 'java/security/PrivilegedActionException'> (0x00000000d5881148) thrown at [C:\re\workspace\8-2-build-windows-amd64-cygwin\jdk8u45\3457\hotspot\src\share\vm\prims\jvm.cpp, line 1382]
Event: 0.126 Thread 0x0000000002228000 Exception <a 'java/io/FileNotFoundException'> (0x00000000d5ab9018) thrown at [C:\re\workspace\8-2-build-windows-amd64-cygwin\jdk8u45\3457\hotspot\src\share\vm\prims\jni.cpp, line 709]
Event: 0.164 Thread 0x0000000058f02800 Exception <a 'java/io/FileNotFoundException'> (0x00000000d5b68868) thrown at [C:\re\workspace\8-2-build-windows-amd64-cygwin\jdk8u45\3457\hotspot\src\share\vm\prims\jni.cpp, line 709]
Event: 0.204 Thread 0x0000000058f02800 Exception <a 'java/lang/NoSuchFieldError': method resolution failed> (0x00000000d5c3c370) thrown at [C:\re\workspace\8-2-build-windows-amd64-cygwin\jdk8u45\3457\hotspot\src\share\vm\prims\methodHandles.cpp, line 1125]
Event: 0.207 Thread 0x0000000058f02800 Exception <a 'java/lang/NoSuchFieldError': method resolution failed> (0x00000000d5c4ad80) thrown at [C:\re\workspace\8-2-build-windows-amd64-cygwin\jdk8u45\3457\hotspot\src\share\vm\prims\methodHandles.cpp, line 1125]

Events (10 events):
Event: 25.352 Thread 0x000000005b638000 DEOPT PACKING pc=0x0000000002d1a04c sp=0x000000005e42c300
Event: 25.352 Thread 0x000000005b638000 DEOPT UNPACKING pc=0x00000000028d582a sp=0x000000005e42c248 mode 2
Event: 25.546 Thread 0x000000005b638000 Uncommon trap: trap_request=0xffffffa7 fr.pc=0x0000000002d1a04c
Event: 25.546 Thread 0x000000005b638000 DEOPT PACKING pc=0x0000000002d1a04c sp=0x000000005e42c390
Event: 25.546 Thread 0x000000005b638000 DEOPT UNPACKING pc=0x00000000028d582a sp=0x000000005e42c2d8 mode 2
Event: 25.574 Thread 0x000000005b638000 Uncommon trap: trap_request=0xffffffa7 fr.pc=0x0000000002d1a04c
Event: 25.574 Thread 0x000000005b638000 DEOPT PACKING pc=0x0000000002d1a04c sp=0x000000005e42c300
Event: 25.574 Thread 0x000000005b638000 DEOPT UNPACKING pc=0x00000000028d582a sp=0x000000005e42c248 mode 2
Event: 25.631 Thread 0x000000005b742000 Thread added: 0x000000005b742000
Event: 25.633 Thread 0x000000005b742000 Thread exited: 0x000000005b742000


Dynamic libraries:
0x000000013f9c0000 - 0x000000013f9f7000 	C:\Program Files\Java\jre1.8.0_45\bin\javaw.exe
0x0000000077770000 - 0x0000000077918000 	C:\Windows\SYSTEM32\ntdll.dll
0x0000000077550000 - 0x000000007766f000 	C:\Windows\system32\kernel32.dll
0x000007fefd810000 - 0x000007fefd87c000 	C:\Windows\system32\KERNELBASE.dll
0x000007fefda50000 - 0x000007fefdb2b000 	C:\Windows\system32\ADVAPI32.dll
0x000007feff9d0000 - 0x000007feffa6f000 	C:\Windows\system32\msvcrt.dll
0x000007fefddc0000 - 0x000007fefdddf000 	C:\Windows\SYSTEM32\sechost.dll
0x000007feff380000 - 0x000007feff4ad000 	C:\Windows\system32\RPCRT4.dll
0x0000000077670000 - 0x000000007776a000 	C:\Windows\system32\USER32.dll
0x000007feff8c0000 - 0x000007feff927000 	C:\Windows\system32\GDI32.dll
0x000007feffa70000 - 0x000007feffa7e000 	C:\Windows\system32\LPK.dll
0x000007fefdde0000 - 0x000007fefdea9000 	C:\Windows\system32\USP10.dll
0x000007fefbce0000 - 0x000007fefbed4000 	C:\Windows\WinSxS\amd64_microsoft.windows.common-controls_6595b64144ccf1df_6.0.7601.17514_none_fa396087175ac9ac\COMCTL32.dll
0x000007fefdb30000 - 0x000007fefdba1000 	C:\Windows\system32\SHLWAPI.dll
0x000007feff350000 - 0x000007feff37e000 	C:\Windows\system32\IMM32.DLL
0x000007fefd8f0000 - 0x000007fefd9f9000 	C:\Windows\system32\MSCTF.dll
0x0000000070bd0000 - 0x0000000070ca2000 	C:\Program Files\Java\jre1.8.0_45\bin\msvcr100.dll
0x0000000061a50000 - 0x00000000622d3000 	C:\Program Files\Java\jre1.8.0_45\bin\server\jvm.dll
0x000007fef5a80000 - 0x000007fef5a89000 	C:\Windows\system32\WSOCK32.dll
0x000007fefda00000 - 0x000007fefda4d000 	C:\Windows\system32\WS2_32.dll
0x000007fefee20000 - 0x000007fefee28000 	C:\Windows\system32\NSI.dll
0x000007fefb030000 - 0x000007fefb06b000 	C:\Windows\system32\WINMM.dll
0x000007fefc580000 - 0x000007fefc58c000 	C:\Windows\system32\VERSION.dll
0x0000000077930000 - 0x0000000077937000 	C:\Windows\system32\PSAPI.DLL
0x0000000074120000 - 0x000000007412f000 	C:\Program Files\Java\jre1.8.0_45\bin\verify.dll
0x0000000062a60000 - 0x0000000062a89000 	C:\Program Files\Java\jre1.8.0_45\bin\java.dll
0x00000000715b0000 - 0x00000000715e5000 	C:\Program Files\Java\jre1.8.0_45\bin\jdwp.dll
0x0000000070d80000 - 0x0000000070d88000 	C:\Program Files\Java\jre1.8.0_45\bin\npt.dll
0x0000000074100000 - 0x0000000074116000 	C:\Program Files\Java\jre1.8.0_45\bin\zip.dll
0x000007fefdeb0000 - 0x000007fefec39000 	C:\Windows\system32\SHELL32.dll
0x000007fefdbb0000 - 0x000007fefddb3000 	C:\Windows\system32\ole32.dll
0x000007fefd540000 - 0x000007fefd54f000 	C:\Windows\system32\profapi.dll
0x0000000070d70000 - 0x0000000070d79000 	C:\Program Files\Java\jre1.8.0_45\bin\dt_socket.dll
0x000007fefae40000 - 0x000007fefae55000 	C:\Windows\system32\NLAapi.dll
0x000007fef59a0000 - 0x000007fef59b5000 	C:\Windows\system32\napinsp.dll
0x000007fef5980000 - 0x000007fef5999000 	C:\Windows\system32\pnrpnsp.dll
0x000007fefccd0000 - 0x000007fefcd25000 	C:\Windows\System32\mswsock.dll
0x000007fefcb50000 - 0x000007fefcbab000 	C:\Windows\system32\DNSAPI.dll
0x000007fef5720000 - 0x000007fef572b000 	C:\Windows\System32\winrnr.dll
0x000007fef56f0000 - 0x000007fef571f000 	C:\Program Files\Common Files\Microsoft Shared\Windows Live\WLIDNSP.DLL
0x000007fefa9f0000 - 0x000007fefaa17000 	C:\Windows\system32\IPHLPAPI.DLL
0x000007fefa9d0000 - 0x000007fefa9db000 	C:\Windows\system32\WINNSI.DLL
0x000007fefa850000 - 0x000007fefa8a3000 	C:\Windows\System32\fwpuclnt.dll
0x000007fef56e0000 - 0x000007fef56e8000 	C:\Windows\system32\rasadhlp.dll
0x000007fefc6a0000 - 0x000007fefc6a7000 	C:\Windows\System32\wshtcpip.dll
0x000000006d5a0000 - 0x000000006d738000 	C:\Program Files\Java\jre1.8.0_45\bin\awt.dll
0x000007feff530000 - 0x000007feff607000 	C:\Windows\system32\OLEAUT32.dll
0x000007fefb6d0000 - 0x000007fefb6e8000 	C:\Windows\system32\DWMAPI.DLL
0x000007fefba70000 - 0x000007fefbac6000 	C:\Windows\system32\uxtheme.dll
0x0000000180000000 - 0x0000000180052000 	C:\Program Files (x86)\DisplayFusion\Hooks\AppHookWIN6064_64C0B469-E1DB-49C3-9F89-EE66FFE41C50.dll
0x000007fefd3d0000 - 0x000007fefd3df000 	C:\Windows\system32\CRYPTBASE.dll
0x000007fee9b20000 - 0x000007fee9d1f000 	C:\Windows\system32\d3d9.dll
0x000007fefb480000 - 0x000007fefb487000 	C:\Windows\system32\d3d8thk.dll
0x000007feeb6e0000 - 0x000007feeb805000 	C:\Windows\system32\aticfx64.dll
0x000007fefb400000 - 0x000007fefb420000 	C:\Windows\system32\atiu9p64.dll
0x000007fee9450000 - 0x000007fee9b17000 	C:\Windows\system32\atiumd64.dll
0x0000000074140000 - 0x0000000074602000 	C:\Windows\system32\atiumd6a.dll
0x0000000070d20000 - 0x0000000070d67000 	C:\Program Files\Java\jre1.8.0_45\bin\fontmanager.dll
0x0000000070ce0000 - 0x0000000070d11000 	C:\Program Files\Java\jre1.8.0_45\bin\jpeg.dll
0x0000000062a40000 - 0x0000000062a5a000 	C:\Program Files\Java\jre1.8.0_45\bin\net.dll
0x000007fefccc0000 - 0x000007fefccc7000 	C:\Windows\System32\wship6.dll
0x0000000070cb0000 - 0x0000000070cda000 	C:\Program Files\Java\jre1.8.0_45\bin\dcpr.dll
0x0000000062a20000 - 0x0000000062a31000 	C:\Program Files\Java\jre1.8.0_45\bin\nio.dll
0x000007fefd370000 - 0x000007fefd3c7000 	C:\Windows\system32\apphelp.dll
0x000000006ff30000 - 0x000000006ff71000 	C:\Program Files\Java\jre1.8.0_45\bin\t2k.dll
0x000007fef1b60000 - 0x000007fef1c85000 	C:\Windows\system32\dbghelp.dll

VM Arguments:
jvm_args: -agentlib:jdwp=transport=dt_socket,suspend=y,address=localhost:8438 -Dfile.encoding=Cp1252 
java_command: GUI
java_class_path (initial): C:\Users\Miroslav\Desktop\Workspace\OptionTraderMain\OLDBUILD\OptionTrader\bin;C:\Users\Miroslav\Desktop\Workspace\OptionTraderMain\OLDBUILD\ta4j.jar;C:\Users\Miroslav\Desktop\My Workspace\OptionTraderMain\dbtest\lib\mysql-connector-java-5.1.35-bin.jar
Launcher Type: SUN_STANDARD

Environment Variables:
JAVA_HOME=C:\Program Files\Java\jdk1.7.0_51
PATH=C:/Program Files/Java/jre1.8.0_45/bin/server;C:/Program Files/Java/jre1.8.0_45/bin;C:/Program Files/Java/jre1.8.0_45/lib/amd64;C:\ProgramData\Oracle\Java\javapath;C:\Program Files\Common Files\Microsoft Shared\Windows Live;C:\Program Files (x86)\Common Files\Microsoft Shared\Windows Live;C:\Windows\system32;C:\Windows;C:\Windows\System32\Wbem;C:\Windows\System32\WindowsPowerShell\v1.0\;C:\Program Files (x86)\Windows Live\Shared;C:\Program Files (x86)\ATI Technologies\ATI.ACE\Core-Static;C:\ECLIPSE\apache-maven-3.3.1\bin;C:\Program Files\nodejs\;C:\Users\Miroslav\AppData\Roaming\npm;C:\Program Files (x86)\Tesseract-OCR;C:\Program Files (x86)\Common Files\Acronis\SnapAPI\;C:\Users\Miroslav\AppData\Roaming\npm;C:\ECLIPSE\adt-bundle-windows-x86_64-20140702\eclipse;
USERNAME=Miroslav
OS=Windows_NT
PROCESSOR_IDENTIFIER=Intel64 Family 6 Model 58 Stepping 9, GenuineIntel



---------------  S Y S T E M  ---------------

OS: Windows 7 , 64 bit Build 7601 (6.1.7601.18798)

CPU:total 8 (4 cores per cpu, 2 threads per core) family 6 model 58 stepping 9, cmov, cx8, fxsr, mmx, sse, sse2, sse3, ssse3, sse4.1, sse4.2, popcnt, avx, clmul, erms, ht, tsc, tscinvbit, tscinv

Memory: 4k page, physical 8353072k(3388780k free), swap 16704292k(9640224k free)

vm_info: Java HotSpot(TM) 64-Bit Server VM (25.45-b02) for windows-amd64 JRE (1.8.0_45-b14), built on Apr 10 2015 10:34:15 by "java_re" with MS VC++ 10.0 (VS2010)

time: Sat May 09 00:13:36 2015
elapsed time: 25 seconds (0d 0h 0m 25s)

